0 info it worked if it ends with ok
1 verbose cli [ '/opt/node-v6.2.0-linux-x86/bin/node',
1 verbose cli   '/usr/bin/npm',
1 verbose cli   'install',
1 verbose cli   '@types/vue@2.0',
1 verbose cli   '--save-dev' ]
2 info using npm@3.8.9
3 info using node@v6.2.0
4 silly loadCurrentTree Starting
5 silly install loadCurrentTree
6 silly install readLocalPackageData
7 silly fetchPackageMetaData @types/vue@2.0
8 silly fetchNamedPackageData @types/vue
9 silly mapToRegistry name @types/vue
10 silly mapToRegistry scope (from package name) @types
11 verbose mapToRegistry no registry URL found in name for scope @types
12 silly mapToRegistry using default registry
13 silly mapToRegistry registry https://registry.npmjs.org/
14 silly mapToRegistry data Result {
14 silly mapToRegistry   raw: '@types/vue',
14 silly mapToRegistry   scope: '@types',
14 silly mapToRegistry   name: '@types/vue',
14 silly mapToRegistry   rawSpec: '',
14 silly mapToRegistry   spec: 'latest',
14 silly mapToRegistry   type: 'tag' }
15 silly mapToRegistry uri https://registry.npmjs.org/@types%2fvue
16 verbose request uri https://registry.npmjs.org/@types%2fvue
17 verbose request no auth needed
18 info attempt registry request try #1 at 09:59:39
19 verbose request id 24783718fbdde425
20 verbose etag "57f56ad9-3cb1"
21 http request GET https://registry.npmjs.org/@types%2fvue
22 http 304 https://registry.npmjs.org/@types%2fvue
23 verbose headers { date: 'Mon, 12 Dec 2016 01:59:40 GMT',
23 verbose headers   via: '1.1 varnish',
23 verbose headers   'cache-control': 'max-age=0',
23 verbose headers   etag: '"57f56ad9-3cb1"',
23 verbose headers   age: '0',
23 verbose headers   connection: 'keep-alive',
23 verbose headers   'x-served-by': 'cache-hkg6823-HKG',
23 verbose headers   'x-cache': 'MISS',
23 verbose headers   'x-cache-hits': '0',
23 verbose headers   'x-timer': 'S1481507980.200714,VS0,VE725',
23 verbose headers   vary: 'Accept-Encoding' }
24 silly get cb [ 304,
24 silly get   { date: 'Mon, 12 Dec 2016 01:59:40 GMT',
24 silly get     via: '1.1 varnish',
24 silly get     'cache-control': 'max-age=0',
24 silly get     etag: '"57f56ad9-3cb1"',
24 silly get     age: '0',
24 silly get     connection: 'keep-alive',
24 silly get     'x-served-by': 'cache-hkg6823-HKG',
24 silly get     'x-cache': 'MISS',
24 silly get     'x-cache-hits': '0',
24 silly get     'x-timer': 'S1481507980.200714,VS0,VE725',
24 silly get     vary: 'Accept-Encoding' } ]
25 verbose etag https://registry.npmjs.org/@types%2fvue from cache
26 verbose get saving @types/vue to /home/silver/.npm/registry.npmjs.org/_40types_252fvue/.cache.json
27 verbose correctMkdir /home/silver/.npm correctMkdir not in flight; initializing
28 silly fetchPackageMetaData Error: No compatible version found: @types/vue@2.0
28 silly fetchPackageMetaData Valid install targets:
28 silly fetchPackageMetaData 1.0.31, 1.0.30, 1.0.29, 1.0.28, 1.0.27, 1.0.26, 1.0.25-alpha, 1.0.24-alpha, 1.0.23-alpha, 1.0.22-alpha, 1.0.21-alpha, 1.0.20-alpha, 1.0.19-alpha, 1.0.14-alpha, 1.0.13-alpha
28 silly fetchPackageMetaData
28 silly fetchPackageMetaData     at pickVersionFromRegistryDocument (/opt/node-v6.2.0-linux-x86/lib/node_modules/npm/lib/fetch-package-metadata.js:157:16)
28 silly fetchPackageMetaData     at /opt/node-v6.2.0-linux-x86/lib/node_modules/npm/node_modules/iferr/index.js:13:50
28 silly fetchPackageMetaData     at /opt/node-v6.2.0-linux-x86/lib/node_modules/npm/lib/utils/pulse-till-done.js:19:8
28 silly fetchPackageMetaData     at saved (/opt/node-v6.2.0-linux-x86/lib/node_modules/npm/lib/cache/caching-client.js:168:7)
28 silly fetchPackageMetaData     at /opt/node-v6.2.0-linux-x86/lib/node_modules/npm/node_modules/graceful-fs/polyfills.js:210:7
28 silly fetchPackageMetaData     at FSReqWrap.oncomplete (fs.js:117:15)
28 silly fetchPackageMetaData  error for @types/vue@2.0 Error: No compatible version found: @types/vue@2.0
28 silly fetchPackageMetaData Valid install targets:
28 silly fetchPackageMetaData 1.0.31, 1.0.30, 1.0.29, 1.0.28, 1.0.27, 1.0.26, 1.0.25-alpha, 1.0.24-alpha, 1.0.23-alpha, 1.0.22-alpha, 1.0.21-alpha, 1.0.20-alpha, 1.0.19-alpha, 1.0.14-alpha, 1.0.13-alpha
28 silly fetchPackageMetaData
28 silly fetchPackageMetaData     at pickVersionFromRegistryDocument (/opt/node-v6.2.0-linux-x86/lib/node_modules/npm/lib/fetch-package-metadata.js:157:16)
28 silly fetchPackageMetaData     at /opt/node-v6.2.0-linux-x86/lib/node_modules/npm/node_modules/iferr/index.js:13:50
28 silly fetchPackageMetaData     at /opt/node-v6.2.0-linux-x86/lib/node_modules/npm/lib/utils/pulse-till-done.js:19:8
28 silly fetchPackageMetaData     at saved (/opt/node-v6.2.0-linux-x86/lib/node_modules/npm/lib/cache/caching-client.js:168:7)
28 silly fetchPackageMetaData     at /opt/node-v6.2.0-linux-x86/lib/node_modules/npm/node_modules/graceful-fs/polyfills.js:210:7
28 silly fetchPackageMetaData     at FSReqWrap.oncomplete (fs.js:117:15)
29 silly rollbackFailedOptional Starting
30 silly rollbackFailedOptional Finishing
31 silly runTopLevelLifecycles Starting
32 silly runTopLevelLifecycles Finishing
33 silly install printInstalled
34 verbose stack Error: No compatible version found: @types/vue@2.0
34 verbose stack Valid install targets:
34 verbose stack 1.0.31, 1.0.30, 1.0.29, 1.0.28, 1.0.27, 1.0.26, 1.0.25-alpha, 1.0.24-alpha, 1.0.23-alpha, 1.0.22-alpha, 1.0.21-alpha, 1.0.20-alpha, 1.0.19-alpha, 1.0.14-alpha, 1.0.13-alpha
34 verbose stack
34 verbose stack     at pickVersionFromRegistryDocument (/opt/node-v6.2.0-linux-x86/lib/node_modules/npm/lib/fetch-package-metadata.js:157:16)
34 verbose stack     at /opt/node-v6.2.0-linux-x86/lib/node_modules/npm/node_modules/iferr/index.js:13:50
34 verbose stack     at /opt/node-v6.2.0-linux-x86/lib/node_modules/npm/lib/utils/pulse-till-done.js:19:8
34 verbose stack     at saved (/opt/node-v6.2.0-linux-x86/lib/node_modules/npm/lib/cache/caching-client.js:168:7)
34 verbose stack     at /opt/node-v6.2.0-linux-x86/lib/node_modules/npm/node_modules/graceful-fs/polyfills.js:210:7
34 verbose stack     at FSReqWrap.oncomplete (fs.js:117:15)
35 verbose cwd /home/silver/Documents/workspace/nds
36 error Linux 4.8.0-2-686-pae
37 error argv "/opt/node-v6.2.0-linux-x86/bin/node" "/usr/bin/npm" "install" "@types/vue@2.0" "--save-dev"
38 error node v6.2.0
39 error npm  v3.8.9
40 error No compatible version found: @types/vue@2.0
40 error Valid install targets:
40 error 1.0.31, 1.0.30, 1.0.29, 1.0.28, 1.0.27, 1.0.26, 1.0.25-alpha, 1.0.24-alpha, 1.0.23-alpha, 1.0.22-alpha, 1.0.21-alpha, 1.0.20-alpha, 1.0.19-alpha, 1.0.14-alpha, 1.0.13-alpha
41 error If you need help, you may report this error at:
41 error     <https://github.com/npm/npm/issues>
42 verbose exit [ 1, true ]
